[02-Dec-2017 16:54:55 UTC] PHP Warning:  Missing argument 2 for register_nav_menu(), called in /home/ubuntu/workspace/wp-content/themes/danny/functions.php on line 9 and defined in /home/ubuntu/workspace/wp-includes/nav-menu.php on line 126
[02-Dec-2017 16:54:55 UTC] PHP Stack trace:
[02-Dec-2017 16:54:55 UTC] PHP   1. {main}() /home/ubuntu/workspace/wp-admin/index.php:0
[02-Dec-2017 16:54:55 UTC] PHP   2. require_once() /home/ubuntu/workspace/wp-admin/index.php:10
[02-Dec-2017 16:54:55 UTC] PHP   3. require_once() /home/ubuntu/workspace/wp-admin/admin.php:31
[02-Dec-2017 16:54:55 UTC] PHP   4. require_once() /home/ubuntu/workspace/wp-load.php:37
[02-Dec-2017 16:54:55 UTC] PHP   5. require_once() /home/ubuntu/workspace/wp-config.php:92
[02-Dec-2017 16:54:55 UTC] PHP   6. include() /home/ubuntu/workspace/wp-settings.php:424
[02-Dec-2017 16:54:55 UTC] PHP   7. register_nav_menu() /home/ubuntu/workspace/wp-content/themes/danny/functions.php:9
[02-Dec-2017 16:54:55 UTC] PHP Warning:  Illegal offset type in /home/ubuntu/workspace/wp-includes/nav-menu.php on line 127
[02-Dec-2017 16:54:55 UTC] PHP Stack trace:
[02-Dec-2017 16:54:55 UTC] PHP   1. {main}() /home/ubuntu/workspace/wp-admin/index.php:0
[02-Dec-2017 16:54:55 UTC] PHP   2. require_once() /home/ubuntu/workspace/wp-admin/index.php:10
[02-Dec-2017 16:54:55 UTC] PHP   3. require_once() /home/ubuntu/workspace/wp-admin/admin.php:31
[02-Dec-2017 16:54:55 UTC] PHP   4. require_once() /home/ubuntu/workspace/wp-load.php:37
[02-Dec-2017 16:54:55 UTC] PHP   5. require_once() /home/ubuntu/workspace/wp-config.php:92
[02-Dec-2017 16:54:55 UTC] PHP   6. include() /home/ubuntu/workspace/wp-settings.php:424
[02-Dec-2017 16:54:55 UTC] PHP   7. register_nav_menu() /home/ubuntu/workspace/wp-content/themes/danny/functions.php:9
[02-Dec-2017 16:54:58 UTC] PHP Warning:  Missing argument 2 for register_nav_menu(), called in /home/ubuntu/workspace/wp-content/themes/danny/functions.php on line 9 and defined in /home/ubuntu/workspace/wp-includes/nav-menu.php on line 126
[02-Dec-2017 16:54:58 UTC] PHP Stack trace:
[02-Dec-2017 16:54:58 UTC] PHP   1. {main}() /home/ubuntu/workspace/wp-admin/admin-ajax.php:0
[02-Dec-2017 16:54:58 UTC] PHP   2. require_once() /home/ubuntu/workspace/wp-admin/admin-ajax.php:22
[02-Dec-2017 16:54:58 UTC] PHP   3. require_once() /home/ubuntu/workspace/wp-load.php:37
[02-Dec-2017 16:54:58 UTC] PHP   4. require_once() /home/ubuntu/workspace/wp-config.php:92
[02-Dec-2017 16:54:58 UTC] PHP   5. include() /home/ubuntu/workspace/wp-settings.php:424
[02-Dec-2017 16:54:58 UTC] PHP   6. register_nav_menu() /home/ubuntu/workspace/wp-content/themes/danny/functions.php:9
[02-Dec-2017 16:54:58 UTC] PHP Warning:  Illegal offset type in /home/ubuntu/workspace/wp-includes/nav-menu.php on line 127
[02-Dec-2017 16:54:58 UTC] PHP Stack trace:
[02-Dec-2017 16:54:58 UTC] PHP   1. {main}() /home/ubuntu/workspace/wp-admin/admin-ajax.php:0
[02-Dec-2017 16:54:58 UTC] PHP   2. require_once() /home/ubuntu/workspace/wp-admin/admin-ajax.php:22
[02-Dec-2017 16:54:58 UTC] PHP   3. require_once() /home/ubuntu/workspace/wp-load.php:37
[02-Dec-2017 16:54:58 UTC] PHP   4. require_once() /home/ubuntu/workspace/wp-config.php:92
[02-Dec-2017 16:54:58 UTC] PHP   5. include() /home/ubuntu/workspace/wp-settings.php:424
[02-Dec-2017 16:54:58 UTC] PHP   6. register_nav_menu() /home/ubuntu/workspace/wp-content/themes/danny/functions.php:9
[02-Dec-2017 16:54:59 UTC] PHP Warning:  Missing argument 2 for register_nav_menu(), called in /home/ubuntu/workspace/wp-content/themes/danny/functions.php on line 9 and defined in /home/ubuntu/workspace/wp-includes/nav-menu.php on line 126
[02-Dec-2017 16:54:59 UTC] PHP Stack trace:
[02-Dec-2017 16:54:59 UTC] PHP   1. {main}() /home/ubuntu/workspace/wp-admin/admin-ajax.php:0
[02-Dec-2017 16:54:59 UTC] PHP   2. require_once() /home/ubuntu/workspace/wp-admin/admin-ajax.php:22
[02-Dec-2017 16:54:59 UTC] PHP   3. require_once() /home/ubuntu/workspace/wp-load.php:37
[02-Dec-2017 16:54:59 UTC] PHP   4. require_once() /home/ubuntu/workspace/wp-config.php:92
[02-Dec-2017 16:54:59 UTC] PHP   5. include() /home/ubuntu/workspace/wp-settings.php:424
[02-Dec-2017 16:54:59 UTC] PHP   6. register_nav_menu() /home/ubuntu/workspace/wp-content/themes/danny/functions.php:9
[02-Dec-2017 16:54:59 UTC] PHP Warning:  Illegal offset type in /home/ubuntu/workspace/wp-includes/nav-menu.php on line 127
[02-Dec-2017 16:54:59 UTC] PHP Stack trace:
[02-Dec-2017 16:54:59 UTC] PHP   1. {main}() /home/ubuntu/workspace/wp-admin/admin-ajax.php:0
[02-Dec-2017 16:54:59 UTC] PHP   2. require_once() /home/ubuntu/workspace/wp-admin/admin-ajax.php:22
[02-Dec-2017 16:54:59 UTC] PHP   3. require_once() /home/ubuntu/workspace/wp-load.php:37
[02-Dec-2017 16:54:59 UTC] PHP   4. require_once() /home/ubuntu/workspace/wp-config.php:92
[02-Dec-2017 16:54:59 UTC] PHP   5. include() /home/ubuntu/workspace/wp-settings.php:424
[02-Dec-2017 16:54:59 UTC] PHP   6. register_nav_menu() /home/ubuntu/workspace/wp-content/themes/danny/functions.php:9
[02-Dec-2017 16:55:04 UTC] PHP Warning:  Missing argument 2 for register_nav_menu(), called in /home/ubuntu/workspace/wp-content/themes/danny/functions.php on line 9 and defined in /home/ubuntu/workspace/wp-includes/nav-menu.php on line 126
[02-Dec-2017 16:55:04 UTC] PHP Stack trace:
[02-Dec-2017 16:55:04 UTC] PHP   1. {main}() /home/ubuntu/workspace/wp-admin/theme-editor.php:0
[02-Dec-2017 16:55:04 UTC] PHP   2. require_once() /home/ubuntu/workspace/wp-admin/theme-editor.php:10
[02-Dec-2017 16:55:04 UTC] PHP   3. require_once() /home/ubuntu/workspace/wp-admin/admin.php:31
[02-Dec-2017 16:55:04 UTC] PHP   4. require_once() /home/ubuntu/workspace/wp-load.php:37
[02-Dec-2017 16:55:04 UTC] PHP   5. require_once() /home/ubuntu/workspace/wp-config.php:92
[02-Dec-2017 16:55:04 UTC] PHP   6. include() /home/ubuntu/workspace/wp-settings.php:424
[02-Dec-2017 16:55:04 UTC] PHP   7. register_nav_menu() /home/ubuntu/workspace/wp-content/themes/danny/functions.php:9
[02-Dec-2017 16:55:04 UTC] PHP Warning:  Illegal offset type in /home/ubuntu/workspace/wp-includes/nav-menu.php on line 127
[02-Dec-2017 16:55:04 UTC] PHP Stack trace:
[02-Dec-2017 16:55:04 UTC] PHP   1. {main}() /home/ubuntu/workspace/wp-admin/theme-editor.php:0
[02-Dec-2017 16:55:04 UTC] PHP   2. require_once() /home/ubuntu/workspace/wp-admin/theme-editor.php:10
[02-Dec-2017 16:55:04 UTC] PHP   3. require_once() /home/ubuntu/workspace/wp-admin/admin.php:31
[02-Dec-2017 16:55:04 UTC] PHP   4. require_once() /home/ubuntu/workspace/wp-load.php:37
[02-Dec-2017 16:55:04 UTC] PHP   5. require_once() /home/ubuntu/workspace/wp-config.php:92
[02-Dec-2017 16:55:04 UTC] PHP   6. include() /home/ubuntu/workspace/wp-settings.php:424
[02-Dec-2017 16:55:04 UTC] PHP   7. register_nav_menu() /home/ubuntu/workspace/wp-content/themes/danny/functions.php:9
[02-Dec-2017 16:55:09 UTC] PHP Warning:  Missing argument 2 for register_nav_menu(), called in /home/ubuntu/workspace/wp-content/themes/danny/functions.php on line 9 and defined in /home/ubuntu/workspace/wp-includes/nav-menu.php on line 126
[02-Dec-2017 16:55:09 UTC] PHP Stack trace:
[02-Dec-2017 16:55:09 UTC] PHP   1. {main}() /home/ubuntu/workspace/wp-admin/nav-menus.php:0
[02-Dec-2017 16:55:09 UTC] PHP   2. require_once() /home/ubuntu/workspace/wp-admin/nav-menus.php:13
[02-Dec-2017 16:55:09 UTC] PHP   3. require_once() /home/ubuntu/workspace/wp-admin/admin.php:31
[02-Dec-2017 16:55:09 UTC] PHP   4. require_once() /home/ubuntu/workspace/wp-load.php:37
[02-Dec-2017 16:55:09 UTC] PHP   5. require_once() /home/ubuntu/workspace/wp-config.php:92
[02-Dec-2017 16:55:09 UTC] PHP   6. include() /home/ubuntu/workspace/wp-settings.php:424
[02-Dec-2017 16:55:09 UTC] PHP   7. register_nav_menu() /home/ubuntu/workspace/wp-content/themes/danny/functions.php:9
[02-Dec-2017 16:55:09 UTC] PHP Warning:  Illegal offset type in /home/ubuntu/workspace/wp-includes/nav-menu.php on line 127
[02-Dec-2017 16:55:09 UTC] PHP Stack trace:
[02-Dec-2017 16:55:09 UTC] PHP   1. {main}() /home/ubuntu/workspace/wp-admin/nav-menus.php:0
[02-Dec-2017 16:55:09 UTC] PHP   2. require_once() /home/ubuntu/workspace/wp-admin/nav-menus.php:13
[02-Dec-2017 16:55:09 UTC] PHP   3. require_once() /home/ubuntu/workspace/wp-admin/admin.php:31
[02-Dec-2017 16:55:09 UTC] PHP   4. require_once() /home/ubuntu/workspace/wp-load.php:37
[02-Dec-2017 16:55:09 UTC] PHP   5. require_once() /home/ubuntu/workspace/wp-config.php:92
[02-Dec-2017 16:55:09 UTC] PHP   6. include() /home/ubuntu/workspace/wp-settings.php:424
[02-Dec-2017 16:55:09 UTC] PHP   7. register_nav_menu() /home/ubuntu/workspace/wp-content/themes/danny/functions.php:9
[02-Dec-2017 16:55:09 UTC] PHP Warning:  Missing argument 2 for register_nav_menu(), called in /home/ubuntu/workspace/wp-content/themes/danny/functions.php on line 9 and defined in /home/ubuntu/workspace/wp-includes/nav-menu.php on line 126
[02-Dec-2017 16:55:09 UTC] PHP Stack trace:
[02-Dec-2017 16:55:09 UTC] PHP   1. {main}() /home/ubuntu/workspace/wp-admin/nav-menus.php:0
[02-Dec-2017 16:55:09 UTC] PHP   2. require_once() /home/ubuntu/workspace/wp-admin/nav-menus.php:13
[02-Dec-2017 16:55:09 UTC] PHP   3. require_once() /home/ubuntu/workspace/wp-admin/admin.php:31
[02-Dec-2017 16:55:09 UTC] PHP   4. require_once() /home/ubuntu/workspace/wp-load.php:37
[02-Dec-2017 16:55:09 UTC] PHP   5. require_once() /home/ubuntu/workspace/wp-config.php:92
[02-Dec-2017 16:55:09 UTC] PHP   6. include() /home/ubuntu/workspace/wp-settings.php:424
[02-Dec-2017 16:55:09 UTC] PHP   7. register_nav_menu() /home/ubuntu/workspace/wp-content/themes/danny/functions.php:9
[02-Dec-2017 16:55:09 UTC] PHP Warning:  Illegal offset type in /home/ubuntu/workspace/wp-includes/nav-menu.php on line 127
[02-Dec-2017 16:55:09 UTC] PHP Stack trace:
[02-Dec-2017 16:55:09 UTC] PHP   1. {main}() /home/ubuntu/workspace/wp-admin/nav-menus.php:0
[02-Dec-2017 16:55:09 UTC] PHP   2. require_once() /home/ubuntu/workspace/wp-admin/nav-menus.php:13
[02-Dec-2017 16:55:09 UTC] PHP   3. require_once() /home/ubuntu/workspace/wp-admin/admin.php:31
[02-Dec-2017 16:55:09 UTC] PHP   4. require_once() /home/ubuntu/workspace/wp-load.php:37
[02-Dec-2017 16:55:09 UTC] PHP   5. require_once() /home/ubuntu/workspace/wp-config.php:92
[02-Dec-2017 16:55:09 UTC] PHP   6. include() /home/ubuntu/workspace/wp-settings.php:424
[02-Dec-2017 16:55:09 UTC] PHP   7. register_nav_menu() /home/ubuntu/workspace/wp-content/themes/danny/functions.php:9
[02-Dec-2017 16:55:14 UTC] PHP Warning:  Missing argument 2 for register_nav_menu(), called in /home/ubuntu/workspace/wp-content/themes/danny/functions.php on line 9 and defined in /home/ubuntu/workspace/wp-includes/nav-menu.php on line 126
[02-Dec-2017 16:55:14 UTC] PHP Stack trace:
[02-Dec-2017 16:55:14 UTC] PHP   1. {main}() /home/ubuntu/workspace/wp-admin/nav-menus.php:0
[02-Dec-2017 16:55:14 UTC] PHP   2. require_once() /home/ubuntu/workspace/wp-admin/nav-menus.php:13
[02-Dec-2017 16:55:14 UTC] PHP   3. require_once() /home/ubuntu/workspace/wp-admin/admin.php:31
[02-Dec-2017 16:55:14 UTC] PHP   4. require_once() /home/ubuntu/workspace/wp-load.php:37
[02-Dec-2017 16:55:14 UTC] PHP   5. require_once() /home/ubuntu/workspace/wp-config.php:92
[02-Dec-2017 16:55:14 UTC] PHP   6. include() /home/ubuntu/workspace/wp-settings.php:424
[02-Dec-2017 16:55:14 UTC] PHP   7. register_nav_menu() /home/ubuntu/workspace/wp-content/themes/danny/functions.php:9
[02-Dec-2017 16:55:14 UTC] PHP Warning:  Illegal offset type in /home/ubuntu/workspace/wp-includes/nav-menu.php on line 127
[02-Dec-2017 16:55:14 UTC] PHP Stack trace:
[02-Dec-2017 16:55:14 UTC] PHP   1. {main}() /home/ubuntu/workspace/wp-admin/nav-menus.php:0
[02-Dec-2017 16:55:14 UTC] PHP   2. require_once() /home/ubuntu/workspace/wp-admin/nav-menus.php:13
[02-Dec-2017 16:55:14 UTC] PHP   3. require_once() /home/ubuntu/workspace/wp-admin/admin.php:31
[02-Dec-2017 16:55:14 UTC] PHP   4. require_once() /home/ubuntu/workspace/wp-load.php:37
[02-Dec-2017 16:55:14 UTC] PHP   5. require_once() /home/ubuntu/workspace/wp-config.php:92
[02-Dec-2017 16:55:14 UTC] PHP   6. include() /home/ubuntu/workspace/wp-settings.php:424
[02-Dec-2017 16:55:14 UTC] PHP   7. register_nav_menu() /home/ubuntu/workspace/wp-content/themes/danny/functions.php:9
[02-Dec-2017 16:55:23 UTC] PHP Warning:  Missing argument 2 for register_nav_menu(), called in /home/ubuntu/workspace/wp-content/themes/danny/functions.php on line 9 and defined in /home/ubuntu/workspace/wp-includes/nav-menu.php on line 126
[02-Dec-2017 16:55:23 UTC] PHP Stack trace:
[02-Dec-2017 16:55:23 UTC] PHP   1. {main}() /home/ubuntu/workspace/wp-admin/nav-menus.php:0
[02-Dec-2017 16:55:23 UTC] PHP   2. require_once() /home/ubuntu/workspace/wp-admin/nav-menus.php:13
[02-Dec-2017 16:55:23 UTC] PHP   3. require_once() /home/ubuntu/workspace/wp-admin/admin.php:31
[02-Dec-2017 16:55:23 UTC] PHP   4. require_once() /home/ubuntu/workspace/wp-load.php:37
[02-Dec-2017 16:55:23 UTC] PHP   5. require_once() /home/ubuntu/workspace/wp-config.php:92
[02-Dec-2017 16:55:23 UTC] PHP   6. include() /home/ubuntu/workspace/wp-settings.php:424
[02-Dec-2017 16:55:23 UTC] PHP   7. register_nav_menu() /home/ubuntu/workspace/wp-content/themes/danny/functions.php:9
[02-Dec-2017 16:55:23 UTC] PHP Warning:  Illegal offset type in /home/ubuntu/workspace/wp-includes/nav-menu.php on line 127
[02-Dec-2017 16:55:23 UTC] PHP Stack trace:
[02-Dec-2017 16:55:23 UTC] PHP   1. {main}() /home/ubuntu/workspace/wp-admin/nav-menus.php:0
[02-Dec-2017 16:55:23 UTC] PHP   2. require_once() /home/ubuntu/workspace/wp-admin/nav-menus.php:13
[02-Dec-2017 16:55:23 UTC] PHP   3. require_once() /home/ubuntu/workspace/wp-admin/admin.php:31
[02-Dec-2017 16:55:23 UTC] PHP   4. require_once() /home/ubuntu/workspace/wp-load.php:37
[02-Dec-2017 16:55:23 UTC] PHP   5. require_once() /home/ubuntu/workspace/wp-config.php:92
[02-Dec-2017 16:55:23 UTC] PHP   6. include() /home/ubuntu/workspace/wp-settings.php:424
[02-Dec-2017 16:55:23 UTC] PHP   7. register_nav_menu() /home/ubuntu/workspace/wp-content/themes/danny/functions.php:9
[02-Dec-2017 16:55:23 UTC] PHP Warning:  Missing argument 2 for register_nav_menu(), called in /home/ubuntu/workspace/wp-content/themes/danny/functions.php on line 9 and defined in /home/ubuntu/workspace/wp-includes/nav-menu.php on line 126
[02-Dec-2017 16:55:23 UTC] PHP Stack trace:
[02-Dec-2017 16:55:23 UTC] PHP   1. {main}() /home/ubuntu/workspace/wp-admin/nav-menus.php:0
[02-Dec-2017 16:55:23 UTC] PHP   2. require_once() /home/ubuntu/workspace/wp-admin/nav-menus.php:13
[02-Dec-2017 16:55:23 UTC] PHP   3. require_once() /home/ubuntu/workspace/wp-admin/admin.php:31
[02-Dec-2017 16:55:23 UTC] PHP   4. require_once() /home/ubuntu/workspace/wp-load.php:37
[02-Dec-2017 16:55:23 UTC] PHP   5. require_once() /home/ubuntu/workspace/wp-config.php:92
[02-Dec-2017 16:55:23 UTC] PHP   6. include() /home/ubuntu/workspace/wp-settings.php:424
[02-Dec-2017 16:55:23 UTC] PHP   7. register_nav_menu() /home/ubuntu/workspace/wp-content/themes/danny/functions.php:9
[02-Dec-2017 16:55:23 UTC] PHP Warning:  Illegal offset type in /home/ubuntu/workspace/wp-includes/nav-menu.php on line 127
[02-Dec-2017 16:55:23 UTC] PHP Stack trace:
[02-Dec-2017 16:55:23 UTC] PHP   1. {main}() /home/ubuntu/workspace/wp-admin/nav-menus.php:0
[02-Dec-2017 16:55:23 UTC] PHP   2. require_once() /home/ubuntu/workspace/wp-admin/nav-menus.php:13
[02-Dec-2017 16:55:23 UTC] PHP   3. require_once() /home/ubuntu/workspace/wp-admin/admin.php:31
[02-Dec-2017 16:55:23 UTC] PHP   4. require_once() /home/ubuntu/workspace/wp-load.php:37
[02-Dec-2017 16:55:23 UTC] PHP   5. require_once() /home/ubuntu/workspace/wp-config.php:92
[02-Dec-2017 16:55:23 UTC] PHP   6. include() /home/ubuntu/workspace/wp-settings.php:424
[02-Dec-2017 16:55:23 UTC] PHP   7. register_nav_menu() /home/ubuntu/workspace/wp-content/themes/danny/functions.php:9
[02-Dec-2017 16:56:29 UTC] PHP Warning:  Missing argument 2 for register_nav_menu(), called in /home/ubuntu/workspace/wp-content/themes/danny/functions.php on line 9 and defined in /home/ubuntu/workspace/wp-includes/nav-menu.php on line 126
[02-Dec-2017 16:56:29 UTC] PHP Stack trace:
[02-Dec-2017 16:56:29 UTC] PHP   1. {main}() /home/ubuntu/workspace/wp-admin/nav-menus.php:0
[02-Dec-2017 16:56:29 UTC] PHP   2. require_once() /home/ubuntu/workspace/wp-admin/nav-menus.php:13
[02-Dec-2017 16:56:29 UTC] PHP   3. require_once() /home/ubuntu/workspace/wp-admin/admin.php:31
[02-Dec-2017 16:56:29 UTC] PHP   4. require_once() /home/ubuntu/workspace/wp-load.php:37
[02-Dec-2017 16:56:29 UTC] PHP   5. require_once() /home/ubuntu/workspace/wp-config.php:92
[02-Dec-2017 16:56:29 UTC] PHP   6. include() /home/ubuntu/workspace/wp-settings.php:424
[02-Dec-2017 16:56:29 UTC] PHP   7. register_nav_menu() /home/ubuntu/workspace/wp-content/themes/danny/functions.php:9
[02-Dec-2017 16:56:29 UTC] PHP Warning:  Illegal offset type in /home/ubuntu/workspace/wp-includes/nav-menu.php on line 127
[02-Dec-2017 16:56:29 UTC] PHP Stack trace:
[02-Dec-2017 16:56:29 UTC] PHP   1. {main}() /home/ubuntu/workspace/wp-admin/nav-menus.php:0
[02-Dec-2017 16:56:29 UTC] PHP   2. require_once() /home/ubuntu/workspace/wp-admin/nav-menus.php:13
[02-Dec-2017 16:56:29 UTC] PHP   3. require_once() /home/ubuntu/workspace/wp-admin/admin.php:31
[02-Dec-2017 16:56:29 UTC] PHP   4. require_once() /home/ubuntu/workspace/wp-load.php:37
[02-Dec-2017 16:56:29 UTC] PHP   5. require_once() /home/ubuntu/workspace/wp-config.php:92
[02-Dec-2017 16:56:29 UTC] PHP   6. include() /home/ubuntu/workspace/wp-settings.php:424
[02-Dec-2017 16:56:29 UTC] PHP   7. register_nav_menu() /home/ubuntu/workspace/wp-content/themes/danny/functions.php:9
[02-Dec-2017 16:56:35 UTC] PHP Warning:  Missing argument 2 for register_nav_menu(), called in /home/ubuntu/workspace/wp-content/themes/danny/functions.php on line 9 and defined in /home/ubuntu/workspace/wp-includes/nav-menu.php on line 126
[02-Dec-2017 16:56:35 UTC] PHP Stack trace:
[02-Dec-2017 16:56:35 UTC] PHP   1. {main}() /home/ubuntu/workspace/wp-admin/admin-ajax.php:0
[02-Dec-2017 16:56:35 UTC] PHP   2. require_once() /home/ubuntu/workspace/wp-admin/admin-ajax.php:22
[02-Dec-2017 16:56:35 UTC] PHP   3. require_once() /home/ubuntu/workspace/wp-load.php:37
[02-Dec-2017 16:56:35 UTC] PHP   4. require_once() /home/ubuntu/workspace/wp-config.php:92
[02-Dec-2017 16:56:35 UTC] PHP   5. include() /home/ubuntu/workspace/wp-settings.php:424
[02-Dec-2017 16:56:35 UTC] PHP   6. register_nav_menu() /home/ubuntu/workspace/wp-content/themes/danny/functions.php:9
[02-Dec-2017 16:56:35 UTC] PHP Warning:  Illegal offset type in /home/ubuntu/workspace/wp-includes/nav-menu.php on line 127
[02-Dec-2017 16:56:35 UTC] PHP Stack trace:
[02-Dec-2017 16:56:35 UTC] PHP   1. {main}() /home/ubuntu/workspace/wp-admin/admin-ajax.php:0
[02-Dec-2017 16:56:35 UTC] PHP   2. require_once() /home/ubuntu/workspace/wp-admin/admin-ajax.php:22
[02-Dec-2017 16:56:35 UTC] PHP   3. require_once() /home/ubuntu/workspace/wp-load.php:37
[02-Dec-2017 16:56:35 UTC] PHP   4. require_once() /home/ubuntu/workspace/wp-config.php:92
[02-Dec-2017 16:56:35 UTC] PHP   5. include() /home/ubuntu/workspace/wp-settings.php:424
[02-Dec-2017 16:56:35 UTC] PHP   6. register_nav_menu() /home/ubuntu/workspace/wp-content/themes/danny/functions.php:9
[02-Dec-2017 16:56:46 UTC] PHP Warning:  Missing argument 2 for register_nav_menu(), called in /home/ubuntu/workspace/wp-content/themes/danny/functions.php on line 9 and defined in /home/ubuntu/workspace/wp-includes/nav-menu.php on line 126
[02-Dec-2017 16:56:46 UTC] PHP Stack trace:
[02-Dec-2017 16:56:46 UTC] PHP   1. {main}() /home/ubuntu/workspace/wp-admin/nav-menus.php:0
[02-Dec-2017 16:56:46 UTC] PHP   2. require_once() /home/ubuntu/workspace/wp-admin/nav-menus.php:13
[02-Dec-2017 16:56:46 UTC] PHP   3. require_once() /home/ubuntu/workspace/wp-admin/admin.php:31
[02-Dec-2017 16:56:46 UTC] PHP   4. require_once() /home/ubuntu/workspace/wp-load.php:37
[02-Dec-2017 16:56:46 UTC] PHP   5. require_once() /home/ubuntu/workspace/wp-config.php:92
[02-Dec-2017 16:56:46 UTC] PHP   6. include() /home/ubuntu/workspace/wp-settings.php:424
[02-Dec-2017 16:56:46 UTC] PHP   7. register_nav_menu() /home/ubuntu/workspace/wp-content/themes/danny/functions.php:9
[02-Dec-2017 16:56:46 UTC] PHP Warning:  Illegal offset type in /home/ubuntu/workspace/wp-includes/nav-menu.php on line 127
[02-Dec-2017 16:56:46 UTC] PHP Stack trace:
[02-Dec-2017 16:56:46 UTC] PHP   1. {main}() /home/ubuntu/workspace/wp-admin/nav-menus.php:0
[02-Dec-2017 16:56:46 UTC] PHP   2. require_once() /home/ubuntu/workspace/wp-admin/nav-menus.php:13
[02-Dec-2017 16:56:46 UTC] PHP   3. require_once() /home/ubuntu/workspace/wp-admin/admin.php:31
[02-Dec-2017 16:56:46 UTC] PHP   4. require_once() /home/ubuntu/workspace/wp-load.php:37
[02-Dec-2017 16:56:46 UTC] PHP   5. require_once() /home/ubuntu/workspace/wp-config.php:92
[02-Dec-2017 16:56:46 UTC] PHP   6. include() /home/ubuntu/workspace/wp-settings.php:424
[02-Dec-2017 16:56:46 UTC] PHP   7. register_nav_menu() /home/ubuntu/workspace/wp-content/themes/danny/functions.php:9
[02-Dec-2017 17:54:39 UTC] PHP Parse error:  syntax error, unexpected end of file, expecting '{' in /home/ubuntu/workspace/wp-content/themes/danny/functions.php on line 13
[02-Dec-2017 17:54:39 UTC] PHP Stack trace:
[02-Dec-2017 17:54:39 UTC] PHP   1. {main}() /home/ubuntu/workspace/wp-admin/admin-ajax.php:0
[02-Dec-2017 17:54:39 UTC] PHP   2. require_once() /home/ubuntu/workspace/wp-admin/admin-ajax.php:22
[02-Dec-2017 17:54:39 UTC] PHP   3. require_once() /home/ubuntu/workspace/wp-load.php:37
[02-Dec-2017 17:54:39 UTC] PHP   4. require_once() /home/ubuntu/workspace/wp-config.php:92
[02-Dec-2017 17:56:20 UTC] PHP Parse error:  syntax error, unexpected '{' in /home/ubuntu/workspace/wp-content/themes/danny/functions.php on line 17
[02-Dec-2017 17:56:20 UTC] PHP Stack trace:
[02-Dec-2017 17:56:20 UTC] PHP   1. {main}() /home/ubuntu/workspace/wp-admin/admin-ajax.php:0
[02-Dec-2017 17:56:20 UTC] PHP   2. require_once() /home/ubuntu/workspace/wp-admin/admin-ajax.php:22
[02-Dec-2017 17:56:20 UTC] PHP   3. require_once() /home/ubuntu/workspace/wp-load.php:37
[02-Dec-2017 17:56:20 UTC] PHP   4. require_once() /home/ubuntu/workspace/wp-config.php:92
[02-Dec-2017 17:56:20 UTC] PHP Parse error:  syntax error, unexpected '{' in /home/ubuntu/workspace/wp-content/themes/danny/functions.php on line 17
[02-Dec-2017 17:56:20 UTC] PHP Stack trace:
[02-Dec-2017 17:56:20 UTC] PHP   1. {main}() /home/ubuntu/workspace/wp-admin/nav-menus.php:0
[02-Dec-2017 17:56:20 UTC] PHP   2. require_once() /home/ubuntu/workspace/wp-admin/nav-menus.php:13
[02-Dec-2017 17:56:20 UTC] PHP   3. require_once() /home/ubuntu/workspace/wp-admin/admin.php:31
[02-Dec-2017 17:56:20 UTC] PHP   4. require_once() /home/ubuntu/workspace/wp-load.php:37
[02-Dec-2017 17:56:20 UTC] PHP   5. require_once() /home/ubuntu/workspace/wp-config.php:92
[02-Dec-2017 18:19:56 UTC] PHP Parse error:  syntax error, unexpected ''before_widget'' (T_CONSTANT_ENCAPSED_STRING), expecting ')' in /home/ubuntu/workspace/wp-content/themes/danny/functions.php on line 17
[02-Dec-2017 18:19:56 UTC] PHP Stack trace:
[02-Dec-2017 18:19:56 UTC] PHP   1. {main}() /home/ubuntu/workspace/wp-admin/admin-ajax.php:0
[02-Dec-2017 18:19:56 UTC] PHP   2. require_once() /home/ubuntu/workspace/wp-admin/admin-ajax.php:22
[02-Dec-2017 18:19:56 UTC] PHP   3. require_once() /home/ubuntu/workspace/wp-load.php:37
[02-Dec-2017 18:19:56 UTC] PHP   4. require_once() /home/ubuntu/workspace/wp-config.php:92
